// Improve CSV parsing performance 1755015619
// Refactor summary report output 1755015619
// Add CSV-to-JSON conversion 1755015619
// Add pagination for large datasets 1755015619
// Add SQL schema export feature 1755015619
// Add SQL schema export feature 1755094774
// Add SQL schema export feature 1755094774
// Refactor summary report output 1755094774
// Refactor file reading logic 1755094774
// Refactor file reading logic 1755094774
// Improve CSV parsing performance 1755094774
// Refactor summary report output 1755094774
// Refactor summary report output 1755181142
// Optimize aggregation functions 1755181142
// Add pagination for large datasets 1755181142
// Fix filter function bug 1755181142
// Add SQL schema export feature 1755216735
// Improve error messages 1755216735
// Add CSV-to-JSON conversion 1755216735
// Refactor summary report output 1755216735
// Add CSV-to-JSON conversion 1755216735
// Optimize aggregation functions 1755267513
// Add CSV-to-JSON conversion 1755267513
// Add SQL schema export feature 1755267513
// Add SQL schema export feature 1755267513
// Add CSV-to-JSON conversion 1755267513
// Improve error messages 1755267513
// Add SQL schema export feature 1755267513
// Add pagination for large datasets 1755267513
// Optimize aggregation functions 1755267513
// Improve CSV parsing performance 1755267513
